Using pre-set license

 COMMAND LINE ARGUMENTS:
/Applications/Unity/Hub/Editor/2020.3.12f1/Unity.app/Contents/MacOS/Unity
-adb2
-batchMode
-noUpm
-name
AssetImportWorker0
-projectPath
/Users/fulonghuang/Desktop/Other/Unity/Rubik's cube
-logFile
Logs/AssetImportWorker0.log
-srvPort
62522
Successfully changed project path to: /Users/fulonghuang/Desktop/Other/Unity/Rubik's cube
/Users/fulonghuang/Desktop/Other/Unity/Rubik's cube
Using Asset Import Pipeline V2.
Refreshing native plugins compatible for Editor in 24.51 ms, found 2 plugins.
Preloading 0 native plugins for Editor in 0.00 ms.
Initialize engine version: 2020.3.12f1 (b3b2c6512326)
[Subsystems] Discovering subsystems at path /Applications/Unity/Hub/Editor/2020.3.12f1/Unity.app/Contents/Resources/UnitySubsystems
[Subsystems] Discovering subsystems at path /Users/fulonghuang/Desktop/Other/Unity/Rubik's cube/Assets
GfxDevice: creating device client; threaded=0
2021-08-02 04:20:59.817 Unity[17640:1486019] (null) preferred device: Apple M1 (high power)
2021-08-02 04:20:59.817 Unity[17640:1486019] Metal devices available: 1
2021-08-02 04:20:59.817 Unity[17640:1486019] 0: Apple M1 (high power)
2021-08-02 04:20:59.817 Unity[17640:1486019] Using device Apple M1 (high power)
Initializing Metal device caps: Apple M1
Initialize mono
Mono path[0] = '/Applications/Unity/Hub/Editor/2020.3.12f1/Unity.app/Contents/Managed'
Mono path[1] = '/Applications/Unity/Hub/Editor/2020.3.12f1/Unity.app/Contents/MonoBleedingEdge/lib/mono/unityjit'
Mono config path = '/Applications/Unity/Hub/Editor/2020.3.12f1/Unity.app/Contents/MonoBleedingEdge/etc'
Using monoOptions --debugger-agent=transport=dt_socket,embedding=1,server=y,suspend=n,address=127.0.0.1:56640
Begin MonoManager ReloadAssembly
Registering precompiled unity dll's ...
Register platform support module: /Applications/Unity/Hub/Editor/2020.3.12f1/Unity.app/Contents/PlaybackEngines/MacStandaloneSupport/UnityEditor.OSXStandalone.Extensions.dll
Registered in 0.001370 seconds.
Native extension for OSXStandalone target not found
Refreshing native plugins compatible for Editor in 25.30 ms, found 2 plugins.
Preloading 0 native plugins for Editor in 0.00 ms.
Mono: successfully reloaded assembly
- Completed reload, in  2.352 seconds
Platform modules already initialized, skipping
Registering precompiled user dll's ...
Registered in 0.003060 seconds.
Begin MonoManager ReloadAssembly
Native extension for OSXStandalone target not found
Refreshing native plugins compatible for Editor in 0.26 ms, found 2 plugins.
Preloading 0 native plugins for Editor in 0.00 ms.
Mono: successfully reloaded assembly
- Completed reload, in  2.100 seconds
Platform modules already initialized, skipping
========================================================================
Worker process is ready to serve import requests
Launching external process: /Applications/Unity/Hub/Editor/2020.3.12f1/Unity.app/Contents/Tools/UnityShaderCompiler
Launched and connected shader compiler UnityShaderCompiler after 0.03 seconds
Refreshing native plugins compatible for Editor in 0.24 ms, found 2 plugins.
Preloading 0 native plugins for Editor in 0.00 ms.
Unloading 1391 Unused Serialized files (Serialized files now loaded: 0)
System memory in use before: 134.9 MB.
System memory in use after: 135.0 MB.

Unloading 18 unused Assets to reduce memory usage. Loaded Objects now: 1826.
Total: 2.403500 ms (FindLiveObjects: 0.096000 ms CreateObjectMapping: 0.025833 ms MarkObjects: 2.216417 ms  DeleteObjects: 0.064500 ms)

AssetImportParameters requested are different than current active one (requested -> active):
  custom:video-decoder-ogg-theora: a1e56fd34408186e4bbccfd4996cb3dc -> 
  custom:container-muxer-webm: aa71ff27fc2769a1b78a27578f13a17b -> 
  custom:container-demuxer-webm: 4f35f7cbe854078d1ac9338744f61a02 -> 
  custom:container-demuxer-ogg: 62fdf1f143b41e24485cea50d1cbac27 -> 
  custom:video-encoder-webm-vp8: eb34c28f22e8b96e1ab97ce403110664 -> 
  custom:framework-osx-AVFoundation: e770b220cccbd017edd2c1fefb359320 -> 
  custom:video-decoder-webm-vp8: 9c59270c3fd7afecdb556c50c9e8de78 -> 
  custom:audio-decoder-ogg-vorbis: bf7c407c2cedff20999df2af8eb42d56 -> 
  custom:audio-encoder-webm-vorbis: bf7c407c2cedff20999df2af8eb42d56 -> 
========================================================================
Received Import Request.
  path: Assets/Prefabs/Pieces/Corner.prefab
  artifactKey: Guid(f8742633398084449885e17dcc657de2) Importer(815301076,1909f56bfc062723c751e8b465ee728b)
Start importing Assets/Prefabs/Pieces/Corner.prefab using Guid(f8742633398084449885e17dcc657de2) Importer(815301076,1909f56bfc062723c751e8b465ee728b)  -> (artifact id: '4e8def946c1e35c44416d3054de4584d') in 1.094135 seconds 
  Import took 1.097257 seconds .

========================================================================
Received Import Request.
  Time since last request: 0.000222 seconds.
  path: Assets/Prefabs/Pieces/Corner.prefab
  artifactKey: Guid(f8742633398084449885e17dcc657de2) Importer(815301076,1909f56bfc062723c751e8b465ee728b)
Start importing Assets/Prefabs/Pieces/Corner.prefab using Guid(f8742633398084449885e17dcc657de2) Importer(815301076,1909f56bfc062723c751e8b465ee728b)  -> (artifact id: '16640059ce05fd1fe420c35e844fd75c') in 0.013289 seconds 
  Import took 0.015667 seconds .

========================================================================
Received Import Request.
  Time since last request: 0.533938 seconds.
  path: Assets/Prefabs/Pieces/Corner.prefab
  artifactKey: Guid(f8742633398084449885e17dcc657de2) Importer(815301076,1909f56bfc062723c751e8b465ee728b)
Start importing Assets/Prefabs/Pieces/Corner.prefab using Guid(f8742633398084449885e17dcc657de2) Importer(815301076,1909f56bfc062723c751e8b465ee728b)  -> (artifact id: '083ec53fb8cd7a34c7dcc84fd1e3e03f') in 0.009779 seconds 
  Import took 0.012472 seconds .

========================================================================
Received Import Request.
  Time since last request: 1.816498 seconds.
  path: Assets/Prefabs/Pieces/Corner.prefab
  artifactKey: Guid(f8742633398084449885e17dcc657de2) Importer(815301076,1909f56bfc062723c751e8b465ee728b)
Start importing Assets/Prefabs/Pieces/Corner.prefab using Guid(f8742633398084449885e17dcc657de2) Importer(815301076,1909f56bfc062723c751e8b465ee728b)  -> (artifact id: 'c108fbf1b8737595460b34b0d5e63b91') in 0.011960 seconds 
  Import took 0.017688 seconds .

========================================================================
Received Import Request.
  Time since last request: 26.253670 seconds.
  path: Assets/Prefabs/Pieces/Corner.prefab
  artifactKey: Guid(f8742633398084449885e17dcc657de2) Importer(815301076,1909f56bfc062723c751e8b465ee728b)
Start importing Assets/Prefabs/Pieces/Corner.prefab using Guid(f8742633398084449885e17dcc657de2) Importer(815301076,1909f56bfc062723c751e8b465ee728b)  -> (artifact id: '365f79edf610ba90b5b19e787e1585ec') in 0.014508 seconds 
  Import took 0.017004 seconds .

========================================================================
Received Import Request.
  Time since last request: 0.368165 seconds.
  path: Assets/Prefabs/Pieces/Corner.prefab
  artifactKey: Guid(f8742633398084449885e17dcc657de2) Importer(815301076,1909f56bfc062723c751e8b465ee728b)
Start importing Assets/Prefabs/Pieces/Corner.prefab using Guid(f8742633398084449885e17dcc657de2) Importer(815301076,1909f56bfc062723c751e8b465ee728b)  -> (artifact id: 'e2c4b00359cc1902a8eb02497f06cb24') in 0.010035 seconds 
  Import took 0.012659 seconds .

========================================================================
Received Import Request.
  Time since last request: 1.414765 seconds.
  path: Assets/Prefabs/Pieces/Corner.prefab
  artifactKey: Guid(f8742633398084449885e17dcc657de2) Importer(815301076,1909f56bfc062723c751e8b465ee728b)
Start importing Assets/Prefabs/Pieces/Corner.prefab using Guid(f8742633398084449885e17dcc657de2) Importer(815301076,1909f56bfc062723c751e8b465ee728b)  -> (artifact id: '7319056f6f97ee01aa9b75907b4c3060') in 0.009364 seconds 
  Import took 0.012127 seconds .

========================================================================
Received Import Request.
  Time since last request: 0.791480 seconds.
  path: Assets/Prefabs/Pieces/Corner.prefab
  artifactKey: Guid(f8742633398084449885e17dcc657de2) Importer(815301076,1909f56bfc062723c751e8b465ee728b)
Start importing Assets/Prefabs/Pieces/Corner.prefab using Guid(f8742633398084449885e17dcc657de2) Importer(815301076,1909f56bfc062723c751e8b465ee728b)  -> (artifact id: '860e2b828070da19ab3ec976a349a431') in 0.010294 seconds 
  Import took 0.013220 seconds .

========================================================================
Received Import Request.
  Time since last request: 0.392121 seconds.
  path: Assets/Prefabs/Pieces/Corner.prefab
  artifactKey: Guid(f8742633398084449885e17dcc657de2) Importer(815301076,1909f56bfc062723c751e8b465ee728b)
Start importing Assets/Prefabs/Pieces/Corner.prefab using Guid(f8742633398084449885e17dcc657de2) Importer(815301076,1909f56bfc062723c751e8b465ee728b)  -> (artifact id: 'f2494d5fcc0a1770285df11a764c39e8') in 0.010172 seconds 
  Import took 0.013210 seconds .

========================================================================
Received Import Request.
  Time since last request: 1.591886 seconds.
  path: Assets/Prefabs/Pieces/Corner.prefab
  artifactKey: Guid(f8742633398084449885e17dcc657de2) Importer(815301076,1909f56bfc062723c751e8b465ee728b)
Start importing Assets/Prefabs/Pieces/Corner.prefab using Guid(f8742633398084449885e17dcc657de2) Importer(815301076,1909f56bfc062723c751e8b465ee728b)  -> (artifact id: '0153f16b9fdfb3e7f25ecfbfb0863de5') in 0.009956 seconds 
  Import took 0.012877 seconds .

========================================================================
Received Import Request.
  Time since last request: 55.784134 seconds.
  path: Assets/Prefabs/Pieces/Edge.prefab
  artifactKey: Guid(4680dd142a5fe284a879b391c0012530) Importer(815301076,1909f56bfc062723c751e8b465ee728b)
Start importing Assets/Prefabs/Pieces/Edge.prefab using Guid(4680dd142a5fe284a879b391c0012530) Importer(815301076,1909f56bfc062723c751e8b465ee728b)  -> (artifact id: '66efe6c19be1b26ebfe82dd2a842328b') in 0.021605 seconds 
  Import took 0.026548 seconds .

========================================================================
Received Import Request.
  Time since last request: 13.550274 seconds.
  path: Assets/Prefabs/Pieces/Edge.prefab
  artifactKey: Guid(4680dd142a5fe284a879b391c0012530) Importer(815301076,1909f56bfc062723c751e8b465ee728b)
Start importing Assets/Prefabs/Pieces/Edge.prefab using Guid(4680dd142a5fe284a879b391c0012530) Importer(815301076,1909f56bfc062723c751e8b465ee728b)  -> (artifact id: '4b1710b537e8f4783754c148a155d7de') in 0.010387 seconds 
  Import took 0.012851 seconds .

========================================================================
Received Import Request.
  Time since last request: 1.406748 seconds.
  path: Assets/Prefabs/Pieces/Edge.prefab
  artifactKey: Guid(4680dd142a5fe284a879b391c0012530) Importer(815301076,1909f56bfc062723c751e8b465ee728b)
Start importing Assets/Prefabs/Pieces/Edge.prefab using Guid(4680dd142a5fe284a879b391c0012530) Importer(815301076,1909f56bfc062723c751e8b465ee728b)  -> (artifact id: 'ce005287da203578980d1058a3ff6c6e') in 0.010439 seconds 
  Import took 0.013057 seconds .

========================================================================
Received Import Request.
  Time since last request: 31.606409 seconds.
  path: Assets/Prefabs/Pieces/Center.prefab
  artifactKey: Guid(89b1efd1d61f63f439f860f04f9f962c) Importer(815301076,1909f56bfc062723c751e8b465ee728b)
Start importing Assets/Prefabs/Pieces/Center.prefab using Guid(89b1efd1d61f63f439f860f04f9f962c) Importer(815301076,1909f56bfc062723c751e8b465ee728b)  -> (artifact id: '800535c590b9cb7071f83f81cfa9324a') in 0.010610 seconds 
  Import took 0.012814 seconds .

========================================================================
Received Import Request.
  Time since last request: 2.824927 seconds.
  path: Assets/Prefabs/Pieces/Center.prefab
  artifactKey: Guid(89b1efd1d61f63f439f860f04f9f962c) Importer(815301076,1909f56bfc062723c751e8b465ee728b)
Start importing Assets/Prefabs/Pieces/Center.prefab using Guid(89b1efd1d61f63f439f860f04f9f962c) Importer(815301076,1909f56bfc062723c751e8b465ee728b)  -> (artifact id: 'd61a7eed33a1cc8e32cca295c67f5608') in 0.009450 seconds 
  Import took 0.011680 seconds .

========================================================================
Received Import Request.
  Time since last request: 1.812363 seconds.
  path: Assets/Prefabs/Pieces/Center.prefab
  artifactKey: Guid(89b1efd1d61f63f439f860f04f9f962c) Importer(815301076,1909f56bfc062723c751e8b465ee728b)
Start importing Assets/Prefabs/Pieces/Center.prefab using Guid(89b1efd1d61f63f439f860f04f9f962c) Importer(815301076,1909f56bfc062723c751e8b465ee728b)  -> (artifact id: '982fb3676653d5497408aa3dfe3b1de8') in 0.015702 seconds 
  Import took 0.017990 seconds .

========================================================================
Received Prepare
Registering precompiled user dll's ...
Registered in 0.001960 seconds.
Begin MonoManager ReloadAssembly
Native extension for OSXStandalone target not found
Refreshing native plugins compatible for Editor in 0.30 ms, found 2 plugins.
Preloading 0 native plugins for Editor in 0.00 ms.
Mono: successfully reloaded assembly
- Completed reload, in  2.539 seconds
Platform modules already initialized, skipping
Refreshing native plugins compatible for Editor in 0.27 ms, found 2 plugins.
Preloading 0 native plugins for Editor in 0.00 ms.
Unloading 1385 Unused Serialized files (Serialized files now loaded: 0)
System memory in use before: 143.0 MB.
System memory in use after: 143.1 MB.

Unloading 13 unused Assets to reduce memory usage. Loaded Objects now: 1836.
Total: 3.355917 ms (FindLiveObjects: 0.140000 ms CreateObjectMapping: 0.047875 ms MarkObjects: 3.131958 ms  DeleteObjects: 0.035042 ms)

AssetImportParameters requested are different than current active one (requested -> active):
  custom:video-decoder-ogg-theora: a1e56fd34408186e4bbccfd4996cb3dc -> 
  custom:container-muxer-webm: aa71ff27fc2769a1b78a27578f13a17b -> 
  custom:container-demuxer-webm: 4f35f7cbe854078d1ac9338744f61a02 -> 
  custom:container-demuxer-ogg: 62fdf1f143b41e24485cea50d1cbac27 -> 
  custom:video-encoder-webm-vp8: eb34c28f22e8b96e1ab97ce403110664 -> 
  custom:framework-osx-AVFoundation: e770b220cccbd017edd2c1fefb359320 -> 
  custom:video-decoder-webm-vp8: 9c59270c3fd7afecdb556c50c9e8de78 -> 
  custom:audio-decoder-ogg-vorbis: bf7c407c2cedff20999df2af8eb42d56 -> 
  custom:audio-encoder-webm-vorbis: bf7c407c2cedff20999df2af8eb42d56 -> 
========================================================================
Received Prepare
Registering precompiled user dll's ...
Registered in 0.007914 seconds.
Begin MonoManager ReloadAssembly
Native extension for OSXStandalone target not found
Refreshing native plugins compatible for Editor in 0.26 ms, found 2 plugins.
Preloading 0 native plugins for Editor in 0.00 ms.
Mono: successfully reloaded assembly
- Completed reload, in  2.133 seconds
Platform modules already initialized, skipping
Refreshing native plugins compatible for Editor in 0.25 ms, found 2 plugins.
Preloading 0 native plugins for Editor in 0.00 ms.
Unloading 1385 Unused Serialized files (Serialized files now loaded: 0)
System memory in use before: 143.2 MB.
System memory in use after: 143.3 MB.

Unloading 13 unused Assets to reduce memory usage. Loaded Objects now: 1839.
Total: 1.252625 ms (FindLiveObjects: 0.112625 ms CreateObjectMapping: 0.026083 ms MarkObjects: 1.093417 ms  DeleteObjects: 0.019750 ms)

AssetImportParameters requested are different than current active one (requested -> active):
  custom:video-decoder-ogg-theora: a1e56fd34408186e4bbccfd4996cb3dc -> 
  custom:container-muxer-webm: aa71ff27fc2769a1b78a27578f13a17b -> 
  custom:container-demuxer-webm: 4f35f7cbe854078d1ac9338744f61a02 -> 
  custom:container-demuxer-ogg: 62fdf1f143b41e24485cea50d1cbac27 -> 
  custom:video-encoder-webm-vp8: eb34c28f22e8b96e1ab97ce403110664 -> 
  custom:framework-osx-AVFoundation: e770b220cccbd017edd2c1fefb359320 -> 
  custom:video-decoder-webm-vp8: 9c59270c3fd7afecdb556c50c9e8de78 -> 
  custom:audio-decoder-ogg-vorbis: bf7c407c2cedff20999df2af8eb42d56 -> 
  custom:audio-encoder-webm-vorbis: bf7c407c2cedff20999df2af8eb42d56 -> 
========================================================================
Received Prepare
Registering precompiled user dll's ...
Registered in 0.001968 seconds.
Begin MonoManager ReloadAssembly
Native extension for OSXStandalone target not found
Refreshing native plugins compatible for Editor in 0.26 ms, found 2 plugins.
Preloading 0 native plugins for Editor in 0.00 ms.
Mono: successfully reloaded assembly
- Completed reload, in  2.250 seconds
Platform modules already initialized, skipping
Refreshing native plugins compatible for Editor in 0.20 ms, found 2 plugins.
Preloading 0 native plugins for Editor in 0.00 ms.
Unloading 1385 Unused Serialized files (Serialized files now loaded: 0)
System memory in use before: 143.4 MB.
System memory in use after: 143.5 MB.

Unloading 13 unused Assets to reduce memory usage. Loaded Objects now: 1842.
Total: 1.206416 ms (FindLiveObjects: 0.098916 ms CreateObjectMapping: 0.026250 ms MarkObjects: 1.059250 ms  DeleteObjects: 0.021292 ms)

AssetImportParameters requested are different than current active one (requested -> active):
  custom:video-decoder-ogg-theora: a1e56fd34408186e4bbccfd4996cb3dc -> 
  custom:container-muxer-webm: aa71ff27fc2769a1b78a27578f13a17b -> 
  custom:container-demuxer-webm: 4f35f7cbe854078d1ac9338744f61a02 -> 
  custom:container-demuxer-ogg: 62fdf1f143b41e24485cea50d1cbac27 -> 
  custom:video-encoder-webm-vp8: eb34c28f22e8b96e1ab97ce403110664 -> 
  custom:framework-osx-AVFoundation: e770b220cccbd017edd2c1fefb359320 -> 
  custom:video-decoder-webm-vp8: 9c59270c3fd7afecdb556c50c9e8de78 -> 
  custom:audio-decoder-ogg-vorbis: bf7c407c2cedff20999df2af8eb42d56 -> 
  custom:audio-encoder-webm-vorbis: bf7c407c2cedff20999df2af8eb42d56 -> 
========================================================================
Received Prepare
Registering precompiled user dll's ...
Registered in 0.001947 seconds.
Begin MonoManager ReloadAssembly
Native extension for OSXStandalone target not found
Refreshing native plugins compatible for Editor in 0.28 ms, found 2 plugins.
Preloading 0 native plugins for Editor in 0.00 ms.
Mono: successfully reloaded assembly
- Completed reload, in  2.371 seconds
Platform modules already initialized, skipping
Refreshing native plugins compatible for Editor in 0.21 ms, found 2 plugins.
Preloading 0 native plugins for Editor in 0.00 ms.
Unloading 1385 Unused Serialized files (Serialized files now loaded: 0)
System memory in use before: 143.6 MB.
System memory in use after: 143.7 MB.

Unloading 13 unused Assets to reduce memory usage. Loaded Objects now: 1845.
Total: 1.222833 ms (FindLiveObjects: 0.100292 ms CreateObjectMapping: 0.026000 ms MarkObjects: 1.076333 ms  DeleteObjects: 0.019541 ms)

AssetImportParameters requested are different than current active one (requested -> active):
  custom:video-decoder-ogg-theora: a1e56fd34408186e4bbccfd4996cb3dc -> 
  custom:container-muxer-webm: aa71ff27fc2769a1b78a27578f13a17b -> 
  custom:container-demuxer-webm: 4f35f7cbe854078d1ac9338744f61a02 -> 
  custom:container-demuxer-ogg: 62fdf1f143b41e24485cea50d1cbac27 -> 
  custom:video-encoder-webm-vp8: eb34c28f22e8b96e1ab97ce403110664 -> 
  custom:framework-osx-AVFoundation: e770b220cccbd017edd2c1fefb359320 -> 
  custom:video-decoder-webm-vp8: 9c59270c3fd7afecdb556c50c9e8de78 -> 
  custom:audio-decoder-ogg-vorbis: bf7c407c2cedff20999df2af8eb42d56 -> 
  custom:audio-encoder-webm-vorbis: bf7c407c2cedff20999df2af8eb42d56 -> 
========================================================================
Received Prepare
Registering precompiled user dll's ...
Registered in 0.002005 seconds.
Begin MonoManager ReloadAssembly
Native extension for OSXStandalone target not found
Refreshing native plugins compatible for Editor in 0.28 ms, found 2 plugins.
Preloading 0 native plugins for Editor in 0.00 ms.
Mono: successfully reloaded assembly
- Completed reload, in  2.152 seconds
Platform modules already initialized, skipping
Refreshing native plugins compatible for Editor in 0.22 ms, found 2 plugins.
Preloading 0 native plugins for Editor in 0.00 ms.
Unloading 1385 Unused Serialized files (Serialized files now loaded: 0)
System memory in use before: 144.1 MB.
System memory in use after: 144.2 MB.

Unloading 13 unused Assets to reduce memory usage. Loaded Objects now: 1848.
Total: 2.310375 ms (FindLiveObjects: 0.109458 ms CreateObjectMapping: 0.026250 ms MarkObjects: 2.158291 ms  DeleteObjects: 0.015791 ms)

AssetImportParameters requested are different than current active one (requested -> active):
  custom:video-decoder-ogg-theora: a1e56fd34408186e4bbccfd4996cb3dc -> 
  custom:container-muxer-webm: aa71ff27fc2769a1b78a27578f13a17b -> 
  custom:container-demuxer-webm: 4f35f7cbe854078d1ac9338744f61a02 -> 
  custom:container-demuxer-ogg: 62fdf1f143b41e24485cea50d1cbac27 -> 
  custom:video-encoder-webm-vp8: eb34c28f22e8b96e1ab97ce403110664 -> 
  custom:framework-osx-AVFoundation: e770b220cccbd017edd2c1fefb359320 -> 
  custom:video-decoder-webm-vp8: 9c59270c3fd7afecdb556c50c9e8de78 -> 
  custom:audio-decoder-ogg-vorbis: bf7c407c2cedff20999df2af8eb42d56 -> 
  custom:audio-encoder-webm-vorbis: bf7c407c2cedff20999df2af8eb42d56 -> 
========================================================================
Received Import Request.
  Time since last request: 13986.107223 seconds.
  path: Assets/Prefabs/Pieces/Center.prefab
  artifactKey: Guid(89b1efd1d61f63f439f860f04f9f962c) Importer(815301076,1909f56bfc062723c751e8b465ee728b)
Start importing Assets/Prefabs/Pieces/Center.prefab using Guid(89b1efd1d61f63f439f860f04f9f962c) Importer(815301076,1909f56bfc062723c751e8b465ee728b)  -> (artifact id: 'f00c219f17ecf740b10d582093daf442') in 0.197140 seconds 
  Import took 0.205360 seconds .

========================================================================
Received Import Request.
  Time since last request: 0.000232 seconds.
  path: Assets/Prefabs/Pieces/Corner.prefab
  artifactKey: Guid(f8742633398084449885e17dcc657de2) Importer(815301076,1909f56bfc062723c751e8b465ee728b)
Start importing Assets/Prefabs/Pieces/Corner.prefab using Guid(f8742633398084449885e17dcc657de2) Importer(815301076,1909f56bfc062723c751e8b465ee728b)  -> (artifact id: '3887d3c4c9ca6677bfd3cc0b0c57dd11') in 0.015112 seconds 
  Import took 0.017183 seconds .

========================================================================
Received Import Request.
  Time since last request: 3.946499 seconds.
  path: Assets/Prefabs/Pieces/Edge.prefab
  artifactKey: Guid(4680dd142a5fe284a879b391c0012530) Importer(815301076,1909f56bfc062723c751e8b465ee728b)
Start importing Assets/Prefabs/Pieces/Edge.prefab using Guid(4680dd142a5fe284a879b391c0012530) Importer(815301076,1909f56bfc062723c751e8b465ee728b)  -> (artifact id: '91ece24fd1c85cac13f6628025addadb') in 0.009861 seconds 
  Import took 0.012216 seconds .

========================================================================
Received Prepare
Registering precompiled user dll's ...
Registered in 0.001756 seconds.
Begin MonoManager ReloadAssembly
Native extension for OSXStandalone target not found
Refreshing native plugins compatible for Editor in 0.29 ms, found 2 plugins.
Preloading 0 native plugins for Editor in 0.00 ms.
Mono: successfully reloaded assembly
- Completed reload, in  2.327 seconds
Platform modules already initialized, skipping
Refreshing native plugins compatible for Editor in 0.26 ms, found 2 plugins.
Preloading 0 native plugins for Editor in 0.00 ms.
Unloading 1385 Unused Serialized files (Serialized files now loaded: 0)
System memory in use before: 144.4 MB.
System memory in use after: 144.5 MB.

Unloading 13 unused Assets to reduce memory usage. Loaded Objects now: 1852.
Total: 1.444625 ms (FindLiveObjects: 0.125208 ms CreateObjectMapping: 0.027334 ms MarkObjects: 1.262375 ms  DeleteObjects: 0.028875 ms)

AssetImportParameters requested are different than current active one (requested -> active):
  custom:video-decoder-ogg-theora: a1e56fd34408186e4bbccfd4996cb3dc -> 
  custom:container-muxer-webm: aa71ff27fc2769a1b78a27578f13a17b -> 
  custom:container-demuxer-webm: 4f35f7cbe854078d1ac9338744f61a02 -> 
  custom:container-demuxer-ogg: 62fdf1f143b41e24485cea50d1cbac27 -> 
  custom:video-encoder-webm-vp8: eb34c28f22e8b96e1ab97ce403110664 -> 
  custom:framework-osx-AVFoundation: e770b220cccbd017edd2c1fefb359320 -> 
  custom:video-decoder-webm-vp8: 9c59270c3fd7afecdb556c50c9e8de78 -> 
  custom:audio-decoder-ogg-vorbis: bf7c407c2cedff20999df2af8eb42d56 -> 
  custom:audio-encoder-webm-vorbis: bf7c407c2cedff20999df2af8eb42d56 -> 
========================================================================
Received Prepare
Registering precompiled user dll's ...
Registered in 0.003702 seconds.
Begin MonoManager ReloadAssembly
Native extension for OSXStandalone target not found
Refreshing native plugins compatible for Editor in 0.26 ms, found 2 plugins.
Preloading 0 native plugins for Editor in 0.00 ms.
Mono: successfully reloaded assembly
- Completed reload, in  2.224 seconds
Platform modules already initialized, skipping
Refreshing native plugins compatible for Editor in 0.23 ms, found 2 plugins.
Preloading 0 native plugins for Editor in 0.00 ms.
Unloading 1385 Unused Serialized files (Serialized files now loaded: 0)
System memory in use before: 144.6 MB.
System memory in use after: 144.7 MB.

Unloading 13 unused Assets to reduce memory usage. Loaded Objects now: 1855.
Total: 1.236958 ms (FindLiveObjects: 0.107291 ms CreateObjectMapping: 0.026417 ms MarkObjects: 1.080041 ms  DeleteObjects: 0.022292 ms)

AssetImportParameters requested are different than current active one (requested -> active):
  custom:video-decoder-ogg-theora: a1e56fd34408186e4bbccfd4996cb3dc -> 
  custom:container-muxer-webm: aa71ff27fc2769a1b78a27578f13a17b -> 
  custom:container-demuxer-webm: 4f35f7cbe854078d1ac9338744f61a02 -> 
  custom:container-demuxer-ogg: 62fdf1f143b41e24485cea50d1cbac27 -> 
  custom:video-encoder-webm-vp8: eb34c28f22e8b96e1ab97ce403110664 -> 
  custom:framework-osx-AVFoundation: e770b220cccbd017edd2c1fefb359320 -> 
  custom:video-decoder-webm-vp8: 9c59270c3fd7afecdb556c50c9e8de78 -> 
  custom:audio-decoder-ogg-vorbis: bf7c407c2cedff20999df2af8eb42d56 -> 
  custom:audio-encoder-webm-vorbis: bf7c407c2cedff20999df2af8eb42d56 -> 
AssetImportWorkerClient::OnTransportError - code=2 error=End of file
